Using pre-set license
Built from '2020.3/staging' branch; Version is '2020.3.28f1 (f5400f52e03f) revision 16072719'; Using compiler version '192528614'; Build Type 'Release'
OS: 'Windows 11  (10.0.22621) 64bit Professional' Language: 'en' Physical Memory: 32635 MB
BatchMode: 1, IsHumanControllingUs: 0, StartBugReporterOnCrash: 0, Is64bit: 1, IsPro: 0

COMMAND LINE ARGUMENTS:
C:\Program Files\Unity\Hub\Editor\2020.3.28f1\Editor\Unity.exe
-adb2
-batchMode
-noUpm
-name
AssetImportWorker0
-projectPath
D:/UnityProjects/VFXTest
-logFile
Logs/AssetImportWorker0.log
-srvPort
60097
Successfully changed project path to: D:/UnityProjects/VFXTest
D:/UnityProjects/VFXTest
Using Asset Import Pipeline V2.
Refreshing native plugins compatible for Editor in 59.23 ms, found 3 plugins.
Preloading 0 native plugins for Editor in 0.00 ms.
Initialize engine version: 2020.3.28f1 (f5400f52e03f)
[Subsystems] Discovering subsystems at path C:/Program Files/Unity/Hub/Editor/2020.3.28f1/Editor/Data/Resources/UnitySubsystems
[Subsystems] Discovering subsystems at path D:/UnityProjects/VFXTest/Assets
GfxDevice: creating device client; threaded=0
Direct3D:
    Version:  Direct3D 11.0 [level 11.1]
    Renderer: NVIDIA GeForce RTX 2060 (ID=0x1f15)
    Vendor:   
    VRAM:     5980 MB
    Driver:   31.0.15.1700
Initialize mono
Mono path[0] = 'C:/Program Files/Unity/Hub/Editor/2020.3.28f1/Editor/Data/Managed'
Mono path[1] = 'C:/Program Files/Unity/Hub/Editor/2020.3.28f1/Editor/Data/MonoBleedingEdge/lib/mono/unityjit'
Mono config path = 'C:/Program Files/Unity/Hub/Editor/2020.3.28f1/Editor/Data/MonoBleedingEdge/etc'
Using monoOptions --debugger-agent=transport=dt_socket,embedding=1,server=y,suspend=n,address=127.0.0.1:56572
Begin MonoManager ReloadAssembly
Registering precompiled unity dll's ...
Register platform support module: C:/Program Files/Unity/Hub/Editor/2020.3.28f1/Editor/Data/PlaybackEngines/WebGLSupport/UnityEditor.WebGL.Extensions.dll
Register platform support module: C:/Program Files/Unity/Hub/Editor/2020.3.28f1/Editor/Data/PlaybackEngines/WindowsStandaloneSupport/UnityEditor.WindowsStandalone.Extensions.dll
Registered in 0.001757 seconds.
Native extension for WindowsStandalone target not found
Native extension for WebGL target not found
Refreshing native plugins compatible for Editor in 56.38 ms, found 3 plugins.
Preloading 0 native plugins for Editor in 0.00 ms.
Mono: successfully reloaded assembly
- Completed reload, in  0.522 seconds
Domain Reload Profiling:
	ReloadAssembly (522ms)
		BeginReloadAssembly (52ms)
			ExecutionOrderSort (0ms)
			DisableScriptedObjects (0ms)
			BackupInstance (0ms)
			ReleaseScriptingObjects (0ms)
			CreateAndSetChildDomain (1ms)
		EndReloadAssembly (409ms)
			LoadAssemblies (50ms)
			RebuildTransferFunctionScriptingTraits (0ms)
			SetupTypeCache (127ms)
			ReleaseScriptCaches (0ms)
			RebuildScriptCaches (27ms)
			SetupLoadedEditorAssemblies (167ms)
				LogAssemblyErrors (0ms)
				InitializePlatformSupportModulesInManaged (5ms)
				SetLoadedEditorAssemblies (0ms)
				RefreshPlugins (56ms)
				BeforeProcessingInitializeOnLoad (14ms)
				ProcessInitializeOnLoadAttributes (67ms)
				ProcessInitializeOnLoadMethodAttributes (24ms)
				AfterProcessingInitializeOnLoad (0ms)
				EditorAssembliesLoaded (0ms)
			ExecutionOrderSort2 (0ms)
			AwakeInstancesAfterBackupRestoration (0ms)
Platform modules already initialized, skipping
Registering precompiled user dll's ...
Registered in 0.004355 seconds.
Begin MonoManager ReloadAssembly
Native extension for WindowsStandalone target not found
Native extension for WebGL target not found
Refreshing native plugins compatible for Editor in 51.38 ms, found 3 plugins.
Preloading 0 native plugins for Editor in 0.00 ms.
Mono: successfully reloaded assembly
- Completed reload, in  1.670 seconds
Domain Reload Profiling:
	ReloadAssembly (1671ms)
		BeginReloadAssembly (131ms)
			ExecutionOrderSort (0ms)
			DisableScriptedObjects (5ms)
			BackupInstance (0ms)
			ReleaseScriptingObjects (0ms)
			CreateAndSetChildDomain (17ms)
		EndReloadAssembly (1481ms)
			LoadAssemblies (91ms)
			RebuildTransferFunctionScriptingTraits (0ms)
			SetupTypeCache (325ms)
			ReleaseScriptCaches (1ms)
			RebuildScriptCaches (65ms)
			SetupLoadedEditorAssemblies (902ms)
				LogAssemblyErrors (0ms)
				InitializePlatformSupportModulesInManaged (4ms)
				SetLoadedEditorAssemblies (0ms)
				RefreshPlugins (51ms)
				BeforeProcessingInitializeOnLoad (76ms)
				ProcessInitializeOnLoadAttributes (757ms)
				ProcessInitializeOnLoadMethodAttributes (8ms)
				AfterProcessingInitializeOnLoad (5ms)
				EditorAssembliesLoaded (0ms)
			ExecutionOrderSort2 (0ms)
			AwakeInstancesAfterBackupRestoration (4ms)
Platform modules already initialized, skipping
========================================================================
Worker process is ready to serve import requests
Launched and connected shader compiler UnityShaderCompiler.exe after 0.03 seconds
Refreshing native plugins compatible for Editor in 0.66 ms, found 3 plugins.
Preloading 0 native plugins for Editor in 0.00 ms.
Unloading 3509 Unused Serialized files (Serialized files now loaded: 0)
System memory in use before: 152.4 MB.
System memory in use after: 152.6 MB.

Unloading 28 unused Assets to reduce memory usage. Loaded Objects now: 3935.
Total: 4.907900 ms (FindLiveObjects: 0.278900 ms CreateObjectMapping: 0.156300 ms MarkObjects: 4.362600 ms  DeleteObjects: 0.108600 ms)

AssetImportParameters requested are different than current active one (requested -> active):
  custom:framework-win-MediaFoundation: 216162199b28c13a410421893ffa2e32 -> 
  custom:video-decoder-ogg-theora: a1e56fd34408186e4bbccfd4996cb3dc -> 
  custom:container-muxer-webm: aa71ff27fc2769a1b78a27578f13a17b -> 
  custom:container-demuxer-webm: 4f35f7cbe854078d1ac9338744f61a02 -> 
  custom:container-demuxer-ogg: 62fdf1f143b41e24485cea50d1cbac27 -> 
  custom:video-encoder-webm-vp8: eb34c28f22e8b96e1ab97ce403110664 -> 
  custom:video-decoder-webm-vp8: 9c59270c3fd7afecdb556c50c9e8de78 -> 
  custom:audio-decoder-ogg-vorbis: bf7c407c2cedff20999df2af8eb42d56 -> 
  custom:audio-encoder-webm-vorbis: bf7c407c2cedff20999df2af8eb42d56 -> 
========================================================================
Received Import Request.
  path: Assets/LASP_VFX/Test/Waveform.vfx
  artifactKey: Guid(a8dc2e093903a7f43bf34cd586a6c85d) Importer(815301076,1909f56bfc062723c751e8b465ee728b)
Start importing Assets/LASP_VFX/Test/Waveform.vfx using Guid(a8dc2e093903a7f43bf34cd586a6c85d) Importer(815301076,1909f56bfc062723c751e8b465ee728b)  -> (artifact id: '2e0d24b9d304246073671cb62335272a') in 0.032921 seconds 
  Import took 0.038527 seconds .

========================================================================
Received Import Request.
  Time since last request: 133.908320 seconds.
  path: Assets/Scenes
  artifactKey: Guid(da7049dec4f539a41b2ae4b34f5c82ca) Importer(815301076,1909f56bfc062723c751e8b465ee728b)
Start importing Assets/Scenes using Guid(da7049dec4f539a41b2ae4b34f5c82ca) Importer(815301076,1909f56bfc062723c751e8b465ee728b)  -> (artifact id: '16be45c3b813384814019443f78ce701') in 0.005832 seconds 
  Import took 0.010852 seconds .

========================================================================
Received Import Request.
  Time since last request: 0.880456 seconds.
  path: Assets/Scenes/SampleScene.unity
  artifactKey: Guid(d1c3109bdb54ad54c8a2b2838528e640) Importer(815301076,1909f56bfc062723c751e8b465ee728b)
Start importing Assets/Scenes/SampleScene.unity using Guid(d1c3109bdb54ad54c8a2b2838528e640) Importer(815301076,1909f56bfc062723c751e8b465ee728b)  -> (artifact id: '03870454fd3a3b62013e13649b3643ee') in 0.007387 seconds 
  Import took 0.012361 seconds .

========================================================================
Received Prepare
Registering precompiled user dll's ...
Registered in 0.003726 seconds.
Begin MonoManager ReloadAssembly
Native extension for WindowsStandalone target not found
Native extension for WebGL target not found
Refreshing native plugins compatible for Editor in 0.70 ms, found 3 plugins.
Preloading 0 native plugins for Editor in 0.00 ms.
Mono: successfully reloaded assembly
- Completed reload, in  1.121 seconds
Domain Reload Profiling:
	ReloadAssembly (1121ms)
		BeginReloadAssembly (109ms)
			ExecutionOrderSort (0ms)
			DisableScriptedObjects (4ms)
			BackupInstance (0ms)
			ReleaseScriptingObjects (0ms)
			CreateAndSetChildDomain (39ms)
		EndReloadAssembly (961ms)
			LoadAssemblies (93ms)
			RebuildTransferFunctionScriptingTraits (0ms)
			SetupTypeCache (327ms)
			ReleaseScriptCaches (2ms)
			RebuildScriptCaches (64ms)
			SetupLoadedEditorAssemblies (377ms)
				LogAssemblyErrors (0ms)
				InitializePlatformSupportModulesInManaged (5ms)
				SetLoadedEditorAssemblies (1ms)
				RefreshPlugins (1ms)
				BeforeProcessingInitializeOnLoad (85ms)
				ProcessInitializeOnLoadAttributes (273ms)
				ProcessInitializeOnLoadMethodAttributes (8ms)
				AfterProcessingInitializeOnLoad (5ms)
				EditorAssembliesLoaded (0ms)
			ExecutionOrderSort2 (0ms)
			AwakeInstancesAfterBackupRestoration (8ms)
Platform modules already initialized, skipping
Refreshing native plugins compatible for Editor in 0.63 ms, found 3 plugins.
Preloading 0 native plugins for Editor in 0.00 ms.
Unloading 3389 Unused Serialized files (Serialized files now loaded: 0)
System memory in use before: 144.1 MB.
System memory in use after: 144.4 MB.

Unloading 23 unused Assets to reduce memory usage. Loaded Objects now: 3937.
Total: 4.022900 ms (FindLiveObjects: 0.241400 ms CreateObjectMapping: 0.149700 ms MarkObjects: 3.601200 ms  DeleteObjects: 0.029400 ms)

AssetImportParameters requested are different than current active one (requested -> active):
  custom:framework-win-MediaFoundation: 216162199b28c13a410421893ffa2e32 -> 
  custom:video-decoder-ogg-theora: a1e56fd34408186e4bbccfd4996cb3dc -> 
  custom:container-muxer-webm: aa71ff27fc2769a1b78a27578f13a17b -> 
  custom:container-demuxer-webm: 4f35f7cbe854078d1ac9338744f61a02 -> 
  custom:container-demuxer-ogg: 62fdf1f143b41e24485cea50d1cbac27 -> 
  custom:video-encoder-webm-vp8: eb34c28f22e8b96e1ab97ce403110664 -> 
  custom:video-decoder-webm-vp8: 9c59270c3fd7afecdb556c50c9e8de78 -> 
  custom:audio-decoder-ogg-vorbis: bf7c407c2cedff20999df2af8eb42d56 -> 
  custom:audio-encoder-webm-vorbis: bf7c407c2cedff20999df2af8eb42d56 -> 
========================================================================
Received Import Request.
  Time since last request: 194.110801 seconds.
  path: Assets/Scenes/SampleScene.unity
  artifactKey: Guid(d1c3109bdb54ad54c8a2b2838528e640) Importer(815301076,1909f56bfc062723c751e8b465ee728b)
Start importing Assets/Scenes/SampleScene.unity using Guid(d1c3109bdb54ad54c8a2b2838528e640) Importer(815301076,1909f56bfc062723c751e8b465ee728b)  -> (artifact id: '9ad4951df44667a80b71d1ce1ee4685b') in 0.016621 seconds 
  Import took 0.022008 seconds .

========================================================================
Received Import Request.
  Time since last request: 5.474952 seconds.
  path: Assets/TestVFX.vfx
  artifactKey: Guid(39c094ecc4bc20c42821cd8cba755480) Importer(815301076,1909f56bfc062723c751e8b465ee728b)
Start importing Assets/TestVFX.vfx using Guid(39c094ecc4bc20c42821cd8cba755480) Importer(815301076,1909f56bfc062723c751e8b465ee728b)  -> (artifact id: 'e378518bb65b0a862c680364659eb5b3') in 0.004973 seconds 
  Import took 0.010744 seconds .

========================================================================
Received Import Request.
  Time since last request: 16.218708 seconds.
  path: Assets/TestVFX.vfx
  artifactKey: Guid(39c094ecc4bc20c42821cd8cba755480) Importer(815301076,1909f56bfc062723c751e8b465ee728b)
Start importing Assets/TestVFX.vfx using Guid(39c094ecc4bc20c42821cd8cba755480) Importer(815301076,1909f56bfc062723c751e8b465ee728b)  -> (artifact id: '79f5cfa77dc33d45fa03fd51d4711d10') in 0.002581 seconds 
  Import took 0.008617 seconds .

========================================================================
Received Import Request.
  Time since last request: 15.038512 seconds.
  path: Assets/TestVFX.vfx
  artifactKey: Guid(39c094ecc4bc20c42821cd8cba755480) Importer(815301076,1909f56bfc062723c751e8b465ee728b)
Start importing Assets/TestVFX.vfx using Guid(39c094ecc4bc20c42821cd8cba755480) Importer(815301076,1909f56bfc062723c751e8b465ee728b)  -> (artifact id: 'a43240b6e820a3b1d373f06b6082f60e') in 0.002656 seconds 
  Import took 0.007822 seconds .

========================================================================
Received Prepare
Registering precompiled user dll's ...
Registered in 0.003835 seconds.
Begin MonoManager ReloadAssembly
Native extension for WindowsStandalone target not found
Native extension for WebGL target not found
Refreshing native plugins compatible for Editor in 0.59 ms, found 3 plugins.
Preloading 0 native plugins for Editor in 0.00 ms.
Mono: successfully reloaded assembly
- Completed reload, in  1.013 seconds
Domain Reload Profiling:
	ReloadAssembly (1013ms)
		BeginReloadAssembly (105ms)
			ExecutionOrderSort (0ms)
			DisableScriptedObjects (4ms)
			BackupInstance (0ms)
			ReleaseScriptingObjects (0ms)
			CreateAndSetChildDomain (37ms)
		EndReloadAssembly (853ms)
			LoadAssemblies (92ms)
			RebuildTransferFunctionScriptingTraits (0ms)
			SetupTypeCache (287ms)
			ReleaseScriptCaches (2ms)
			RebuildScriptCaches (55ms)
			SetupLoadedEditorAssemblies (337ms)
				LogAssemblyErrors (0ms)
				InitializePlatformSupportModulesInManaged (4ms)
				SetLoadedEditorAssemblies (0ms)
				RefreshPlugins (1ms)
				BeforeProcessingInitializeOnLoad (71ms)
				ProcessInitializeOnLoadAttributes (249ms)
				ProcessInitializeOnLoadMethodAttributes (7ms)
				AfterProcessingInitializeOnLoad (5ms)
				EditorAssembliesLoaded (0ms)
			ExecutionOrderSort2 (0ms)
			AwakeInstancesAfterBackupRestoration (7ms)
Platform modules already initialized, skipping
Refreshing native plugins compatible for Editor in 0.60 ms, found 3 plugins.
Preloading 0 native plugins for Editor in 0.00 ms.
Unloading 3389 Unused Serialized files (Serialized files now loaded: 0)
System memory in use before: 144.2 MB.
System memory in use after: 144.4 MB.

Unloading 23 unused Assets to reduce memory usage. Loaded Objects now: 3939.
Total: 2.967800 ms (FindLiveObjects: 0.243000 ms CreateObjectMapping: 0.174300 ms MarkObjects: 2.531500 ms  DeleteObjects: 0.018200 ms)

AssetImportParameters requested are different than current active one (requested -> active):
  custom:framework-win-MediaFoundation: 216162199b28c13a410421893ffa2e32 -> 
  custom:video-decoder-ogg-theora: a1e56fd34408186e4bbccfd4996cb3dc -> 
  custom:container-muxer-webm: aa71ff27fc2769a1b78a27578f13a17b -> 
  custom:container-demuxer-webm: 4f35f7cbe854078d1ac9338744f61a02 -> 
  custom:container-demuxer-ogg: 62fdf1f143b41e24485cea50d1cbac27 -> 
  custom:video-encoder-webm-vp8: eb34c28f22e8b96e1ab97ce403110664 -> 
  custom:video-decoder-webm-vp8: 9c59270c3fd7afecdb556c50c9e8de78 -> 
  custom:audio-decoder-ogg-vorbis: bf7c407c2cedff20999df2af8eb42d56 -> 
  custom:audio-encoder-webm-vorbis: bf7c407c2cedff20999df2af8eb42d56 -> 
========================================================================
Received Import Request.
  Time since last request: 49.104360 seconds.
  path: Assets/TestVFX.vfx
  artifactKey: Guid(39c094ecc4bc20c42821cd8cba755480) Importer(815301076,1909f56bfc062723c751e8b465ee728b)
Start importing Assets/TestVFX.vfx using Guid(39c094ecc4bc20c42821cd8cba755480) Importer(815301076,1909f56bfc062723c751e8b465ee728b)  -> (artifact id: 'f802bf2e2a2849f937d2a8cd3c6c7000') in 0.016792 seconds 
  Import took 0.021011 seconds .

========================================================================
Received Import Request.
  Time since last request: 12.776800 seconds.
  path: Assets/TestVFX.vfx
  artifactKey: Guid(39c094ecc4bc20c42821cd8cba755480) Importer(815301076,1909f56bfc062723c751e8b465ee728b)
Start importing Assets/TestVFX.vfx using Guid(39c094ecc4bc20c42821cd8cba755480) Importer(815301076,1909f56bfc062723c751e8b465ee728b)  -> (artifact id: 'd09de19da7ea932bcc3556e1f903eea4') in 0.002350 seconds 
  Import took 0.007344 seconds .

========================================================================
Received Prepare
Registering precompiled user dll's ...
Registered in 0.004125 seconds.
Begin MonoManager ReloadAssembly
Native extension for WindowsStandalone target not found
Native extension for WebGL target not found
Refreshing native plugins compatible for Editor in 0.59 ms, found 3 plugins.
Preloading 0 native plugins for Editor in 0.00 ms.
Mono: successfully reloaded assembly
- Completed reload, in  1.071 seconds
Domain Reload Profiling:
	ReloadAssembly (1071ms)
		BeginReloadAssembly (99ms)
			ExecutionOrderSort (0ms)
			DisableScriptedObjects (4ms)
			BackupInstance (0ms)
			ReleaseScriptingObjects (0ms)
			CreateAndSetChildDomain (33ms)
		EndReloadAssembly (918ms)
			LoadAssemblies (91ms)
			RebuildTransferFunctionScriptingTraits (0ms)
			SetupTypeCache (308ms)
			ReleaseScriptCaches (1ms)
			RebuildScriptCaches (57ms)
			SetupLoadedEditorAssemblies (380ms)
				LogAssemblyErrors (0ms)
				InitializePlatformSupportModulesInManaged (4ms)
				SetLoadedEditorAssemblies (0ms)
				RefreshPlugins (1ms)
				BeforeProcessingInitializeOnLoad (75ms)
				ProcessInitializeOnLoadAttributes (287ms)
				ProcessInitializeOnLoadMethodAttributes (8ms)
				AfterProcessingInitializeOnLoad (5ms)
				EditorAssembliesLoaded (0ms)
			ExecutionOrderSort2 (0ms)
			AwakeInstancesAfterBackupRestoration (8ms)
Platform modules already initialized, skipping
Refreshing native plugins compatible for Editor in 0.61 ms, found 3 plugins.
Preloading 0 native plugins for Editor in 0.00 ms.
Unloading 3389 Unused Serialized files (Serialized files now loaded: 0)
System memory in use before: 144.2 MB.
System memory in use after: 144.5 MB.

Unloading 23 unused Assets to reduce memory usage. Loaded Objects now: 3941.
Total: 2.975800 ms (FindLiveObjects: 0.237400 ms CreateObjectMapping: 0.165700 ms MarkObjects: 2.548900 ms  DeleteObjects: 0.022900 ms)

AssetImportParameters requested are different than current active one (requested -> active):
  custom:framework-win-MediaFoundation: 216162199b28c13a410421893ffa2e32 -> 
  custom:video-decoder-ogg-theora: a1e56fd34408186e4bbccfd4996cb3dc -> 
  custom:container-muxer-webm: aa71ff27fc2769a1b78a27578f13a17b -> 
  custom:container-demuxer-webm: 4f35f7cbe854078d1ac9338744f61a02 -> 
  custom:container-demuxer-ogg: 62fdf1f143b41e24485cea50d1cbac27 -> 
  custom:video-encoder-webm-vp8: eb34c28f22e8b96e1ab97ce403110664 -> 
  custom:video-decoder-webm-vp8: 9c59270c3fd7afecdb556c50c9e8de78 -> 
  custom:audio-decoder-ogg-vorbis: bf7c407c2cedff20999df2af8eb42d56 -> 
  custom:audio-encoder-webm-vorbis: bf7c407c2cedff20999df2af8eb42d56 -> 
========================================================================
Received Import Request.
  Time since last request: 106.480626 seconds.
  path: Assets/TestVFX.vfx
  artifactKey: Guid(39c094ecc4bc20c42821cd8cba755480) Importer(815301076,1909f56bfc062723c751e8b465ee728b)
Start importing Assets/TestVFX.vfx using Guid(39c094ecc4bc20c42821cd8cba755480) Importer(815301076,1909f56bfc062723c751e8b465ee728b)  -> (artifact id: '66f4cccf109a052b93c74d514d1b84ad') in 0.017093 seconds 
  Import took 0.021642 seconds .

========================================================================
Received Import Request.
  Time since last request: 21.303186 seconds.
  path: Assets/TestVFX.vfx
  artifactKey: Guid(39c094ecc4bc20c42821cd8cba755480) Importer(815301076,1909f56bfc062723c751e8b465ee728b)
Start importing Assets/TestVFX.vfx using Guid(39c094ecc4bc20c42821cd8cba755480) Importer(815301076,1909f56bfc062723c751e8b465ee728b)  -> (artifact id: '4271c56a661da371c2a2998ab79510f3') in 0.007220 seconds 
  Import took 0.012633 seconds .

========================================================================
Received Import Request.
  Time since last request: 9.980561 seconds.
  path: Assets/TestVFX.vfx
  artifactKey: Guid(39c094ecc4bc20c42821cd8cba755480) Importer(815301076,1909f56bfc062723c751e8b465ee728b)
Start importing Assets/TestVFX.vfx using Guid(39c094ecc4bc20c42821cd8cba755480) Importer(815301076,1909f56bfc062723c751e8b465ee728b)  -> (artifact id: '458e70483e31740d0a452751dab9d120') in 0.002660 seconds 
  Import took 0.007868 seconds .

========================================================================
Received Import Request.
  Time since last request: 8.597190 seconds.
  path: Assets/TestVFX.vfx
  artifactKey: Guid(39c094ecc4bc20c42821cd8cba755480) Importer(815301076,1909f56bfc062723c751e8b465ee728b)
Start importing Assets/TestVFX.vfx using Guid(39c094ecc4bc20c42821cd8cba755480) Importer(815301076,1909f56bfc062723c751e8b465ee728b)  -> (artifact id: '998b58ccacfe6b64ee718fb8c44f25a1') in 0.002433 seconds 
  Import took 0.007682 seconds .

========================================================================
Received Import Request.
  Time since last request: 1.655766 seconds.
  path: Assets/TestVFX.vfx
  artifactKey: Guid(39c094ecc4bc20c42821cd8cba755480) Importer(815301076,1909f56bfc062723c751e8b465ee728b)
Start importing Assets/TestVFX.vfx using Guid(39c094ecc4bc20c42821cd8cba755480) Importer(815301076,1909f56bfc062723c751e8b465ee728b)  -> (artifact id: '32bc1c3b8e243829eb4dd5887110d996') in 0.002841 seconds 
  Import took 0.008724 seconds .

========================================================================
Received Import Request.
  Time since last request: 6.094638 seconds.
  path: Assets/TestVFX.vfx
  artifactKey: Guid(39c094ecc4bc20c42821cd8cba755480) Importer(815301076,1909f56bfc062723c751e8b465ee728b)
Start importing Assets/TestVFX.vfx using Guid(39c094ecc4bc20c42821cd8cba755480) Importer(815301076,1909f56bfc062723c751e8b465ee728b)  -> (artifact id: '08e68d0e5be71dd017f0b391c7b7143a') in 0.002486 seconds 
  Import took 0.007970 seconds .

========================================================================
Received Prepare
Registering precompiled user dll's ...
Registered in 0.006286 seconds.
Begin MonoManager ReloadAssembly
Native extension for WindowsStandalone target not found
Native extension for WebGL target not found
Refreshing native plugins compatible for Editor in 0.59 ms, found 3 plugins.
Preloading 0 native plugins for Editor in 0.00 ms.
Mono: successfully reloaded assembly
- Completed reload, in  1.028 seconds
Domain Reload Profiling:
	ReloadAssembly (1028ms)
		BeginReloadAssembly (110ms)
			ExecutionOrderSort (0ms)
			DisableScriptedObjects (4ms)
			BackupInstance (0ms)
			ReleaseScriptingObjects (0ms)
			CreateAndSetChildDomain (39ms)
		EndReloadAssembly (865ms)
			LoadAssemblies (95ms)
			RebuildTransferFunctionScriptingTraits (0ms)
			SetupTypeCache (294ms)
			ReleaseScriptCaches (1ms)
			RebuildScriptCaches (57ms)
			SetupLoadedEditorAssemblies (335ms)
				LogAssemblyErrors (0ms)
				InitializePlatformSupportModulesInManaged (4ms)
				SetLoadedEditorAssemblies (0ms)
				RefreshPlugins (1ms)
				BeforeProcessingInitializeOnLoad (72ms)
				ProcessInitializeOnLoadAttributes (245ms)
				ProcessInitializeOnLoadMethodAttributes (8ms)
				AfterProcessingInitializeOnLoad (5ms)
				EditorAssembliesLoaded (0ms)
			ExecutionOrderSort2 (0ms)
			AwakeInstancesAfterBackupRestoration (8ms)
Platform modules already initialized, skipping
Refreshing native plugins compatible for Editor in 0.60 ms, found 3 plugins.
Preloading 0 native plugins for Editor in 0.00 ms.
Unloading 3389 Unused Serialized files (Serialized files now loaded: 0)
System memory in use before: 144.2 MB.
System memory in use after: 144.5 MB.

Unloading 23 unused Assets to reduce memory usage. Loaded Objects now: 3943.
Total: 2.909600 ms (FindLiveObjects: 0.235500 ms CreateObjectMapping: 0.173200 ms MarkObjects: 2.460800 ms  DeleteObjects: 0.039300 ms)

AssetImportParameters requested are different than current active one (requested -> active):
  custom:framework-win-MediaFoundation: 216162199b28c13a410421893ffa2e32 -> 
  custom:video-decoder-ogg-theora: a1e56fd34408186e4bbccfd4996cb3dc -> 
  custom:container-muxer-webm: aa71ff27fc2769a1b78a27578f13a17b -> 
  custom:container-demuxer-webm: 4f35f7cbe854078d1ac9338744f61a02 -> 
  custom:container-demuxer-ogg: 62fdf1f143b41e24485cea50d1cbac27 -> 
  custom:video-encoder-webm-vp8: eb34c28f22e8b96e1ab97ce403110664 -> 
  custom:video-decoder-webm-vp8: 9c59270c3fd7afecdb556c50c9e8de78 -> 
  custom:audio-decoder-ogg-vorbis: bf7c407c2cedff20999df2af8eb42d56 -> 
  custom:audio-encoder-webm-vorbis: bf7c407c2cedff20999df2af8eb42d56 -> 
========================================================================
Received Import Request.
  Time since last request: 139.158188 seconds.
  path: Assets/TestVFX.vfx
  artifactKey: Guid(39c094ecc4bc20c42821cd8cba755480) Importer(815301076,1909f56bfc062723c751e8b465ee728b)
Start importing Assets/TestVFX.vfx using Guid(39c094ecc4bc20c42821cd8cba755480) Importer(815301076,1909f56bfc062723c751e8b465ee728b)  -> (artifact id: 'd99929171f3da5e72016d5d660647dcc') in 0.015123 seconds 
  Import took 0.019363 seconds .

========================================================================
Received Import Request.
  Time since last request: 36.252717 seconds.
  path: Assets/TestVFX.vfx
  artifactKey: Guid(39c094ecc4bc20c42821cd8cba755480) Importer(815301076,1909f56bfc062723c751e8b465ee728b)
Start importing Assets/TestVFX.vfx using Guid(39c094ecc4bc20c42821cd8cba755480) Importer(815301076,1909f56bfc062723c751e8b465ee728b)  -> (artifact id: '2215c611379ddd5173fdbe92a2412d0a') in 0.003172 seconds 
  Import took 0.009041 seconds .

========================================================================
Received Prepare
Registering precompiled user dll's ...
Registered in 0.004061 seconds.
Begin MonoManager ReloadAssembly
Native extension for WindowsStandalone target not found
Native extension for WebGL target not found
Refreshing native plugins compatible for Editor in 0.63 ms, found 3 plugins.
Preloading 0 native plugins for Editor in 0.00 ms.
Mono: successfully reloaded assembly
- Completed reload, in  1.018 seconds
Domain Reload Profiling:
	ReloadAssembly (1018ms)
		BeginReloadAssembly (97ms)
			ExecutionOrderSort (0ms)
			DisableScriptedObjects (4ms)
			BackupInstance (0ms)
			ReleaseScriptingObjects (0ms)
			CreateAndSetChildDomain (33ms)
		EndReloadAssembly (876ms)
			LoadAssemblies (85ms)
			RebuildTransferFunctionScriptingTraits (0ms)
			SetupTypeCache (304ms)
			ReleaseScriptCaches (1ms)
			RebuildScriptCaches (58ms)
			SetupLoadedEditorAssemblies (338ms)
				LogAssemblyErrors (0ms)
				InitializePlatformSupportModulesInManaged (4ms)
				SetLoadedEditorAssemblies (0ms)
				RefreshPlugins (1ms)
				BeforeProcessingInitializeOnLoad (73ms)
				ProcessInitializeOnLoadAttributes (248ms)
				ProcessInitializeOnLoadMethodAttributes (7ms)
				AfterProcessingInitializeOnLoad (5ms)
				EditorAssembliesLoaded (0ms)
			ExecutionOrderSort2 (0ms)
			AwakeInstancesAfterBackupRestoration (8ms)
Platform modules already initialized, skipping
Refreshing native plugins compatible for Editor in 0.61 ms, found 3 plugins.
Preloading 0 native plugins for Editor in 0.00 ms.
Unloading 3389 Unused Serialized files (Serialized files now loaded: 0)
System memory in use before: 144.3 MB.
System memory in use after: 144.5 MB.

Unloading 23 unused Assets to reduce memory usage. Loaded Objects now: 3945.
Total: 3.136500 ms (FindLiveObjects: 0.256400 ms CreateObjectMapping: 0.184900 ms MarkObjects: 2.657900 ms  DeleteObjects: 0.036400 ms)

AssetImportParameters requested are different than current active one (requested -> active):
  custom:framework-win-MediaFoundation: 216162199b28c13a410421893ffa2e32 -> 
  custom:video-decoder-ogg-theora: a1e56fd34408186e4bbccfd4996cb3dc -> 
  custom:container-muxer-webm: aa71ff27fc2769a1b78a27578f13a17b -> 
  custom:container-demuxer-webm: 4f35f7cbe854078d1ac9338744f61a02 -> 
  custom:container-demuxer-ogg: 62fdf1f143b41e24485cea50d1cbac27 -> 
  custom:video-encoder-webm-vp8: eb34c28f22e8b96e1ab97ce403110664 -> 
  custom:video-decoder-webm-vp8: 9c59270c3fd7afecdb556c50c9e8de78 -> 
  custom:audio-decoder-ogg-vorbis: bf7c407c2cedff20999df2af8eb42d56 -> 
  custom:audio-encoder-webm-vorbis: bf7c407c2cedff20999df2af8eb42d56 -> 
========================================================================
Received Import Request.
  Time since last request: 155.716092 seconds.
  path: Assets/TestVFX.vfx
  artifactKey: Guid(39c094ecc4bc20c42821cd8cba755480) Importer(815301076,1909f56bfc062723c751e8b465ee728b)
Start importing Assets/TestVFX.vfx using Guid(39c094ecc4bc20c42821cd8cba755480) Importer(815301076,1909f56bfc062723c751e8b465ee728b)  -> (artifact id: '2b209ffe11a50bc2bf83787848da8f8a') in 0.019102 seconds 
  Import took 0.023785 seconds .

========================================================================
Received Import Request.
  Time since last request: 11.453142 seconds.
  path: Assets/TestVFX.vfx
  artifactKey: Guid(39c094ecc4bc20c42821cd8cba755480) Importer(815301076,1909f56bfc062723c751e8b465ee728b)
Start importing Assets/TestVFX.vfx using Guid(39c094ecc4bc20c42821cd8cba755480) Importer(815301076,1909f56bfc062723c751e8b465ee728b)  -> (artifact id: '49279a92c6237464090be49e444d3517') in 0.002415 seconds 
  Import took 0.007848 seconds .

========================================================================
Received Prepare
Registering precompiled user dll's ...
Registered in 0.003840 seconds.
Begin MonoManager ReloadAssembly
Native extension for WindowsStandalone target not found
Native extension for WebGL target not found
Refreshing native plugins compatible for Editor in 0.82 ms, found 3 plugins.
Preloading 0 native plugins for Editor in 0.00 ms.
Mono: successfully reloaded assembly
- Completed reload, in  1.024 seconds
Domain Reload Profiling:
	ReloadAssembly (1025ms)
		BeginReloadAssembly (93ms)
			ExecutionOrderSort (0ms)
			DisableScriptedObjects (4ms)
			BackupInstance (0ms)
			ReleaseScriptingObjects (0ms)
			CreateAndSetChildDomain (31ms)
		EndReloadAssembly (887ms)
			LoadAssemblies (82ms)
			RebuildTransferFunctionScriptingTraits (0ms)
			SetupTypeCache (300ms)
			ReleaseScriptCaches (1ms)
			RebuildScriptCaches (55ms)
			SetupLoadedEditorAssemblies (355ms)
				LogAssemblyErrors (0ms)
				InitializePlatformSupportModulesInManaged (5ms)
				SetLoadedEditorAssemblies (0ms)
				RefreshPlugins (1ms)
				BeforeProcessingInitializeOnLoad (78ms)
				ProcessInitializeOnLoadAttributes (260ms)
				ProcessInitializeOnLoadMethodAttributes (7ms)
				AfterProcessingInitializeOnLoad (5ms)
				EditorAssembliesLoaded (0ms)
			ExecutionOrderSort2 (0ms)
			AwakeInstancesAfterBackupRestoration (7ms)
Platform modules already initialized, skipping
Refreshing native plugins compatible for Editor in 0.64 ms, found 3 plugins.
Preloading 0 native plugins for Editor in 0.00 ms.
Unloading 3389 Unused Serialized files (Serialized files now loaded: 0)
System memory in use before: 144.3 MB.
System memory in use after: 144.5 MB.

Unloading 23 unused Assets to reduce memory usage. Loaded Objects now: 3947.
Total: 3.370900 ms (FindLiveObjects: 0.364600 ms CreateObjectMapping: 0.217100 ms MarkObjects: 2.767900 ms  DeleteObjects: 0.020300 ms)

AssetImportParameters requested are different than current active one (requested -> active):
  custom:framework-win-MediaFoundation: 216162199b28c13a410421893ffa2e32 -> 
  custom:video-decoder-ogg-theora: a1e56fd34408186e4bbccfd4996cb3dc -> 
  custom:container-muxer-webm: aa71ff27fc2769a1b78a27578f13a17b -> 
  custom:container-demuxer-webm: 4f35f7cbe854078d1ac9338744f61a02 -> 
  custom:container-demuxer-ogg: 62fdf1f143b41e24485cea50d1cbac27 -> 
  custom:video-encoder-webm-vp8: eb34c28f22e8b96e1ab97ce403110664 -> 
  custom:video-decoder-webm-vp8: 9c59270c3fd7afecdb556c50c9e8de78 -> 
  custom:audio-decoder-ogg-vorbis: bf7c407c2cedff20999df2af8eb42d56 -> 
  custom:audio-encoder-webm-vorbis: bf7c407c2cedff20999df2af8eb42d56 -> 
========================================================================
Received Import Request.
  Time since last request: 19.689252 seconds.
  path: Assets/TestVFX.vfx
  artifactKey: Guid(39c094ecc4bc20c42821cd8cba755480) Importer(815301076,1909f56bfc062723c751e8b465ee728b)
Start importing Assets/TestVFX.vfx using Guid(39c094ecc4bc20c42821cd8cba755480) Importer(815301076,1909f56bfc062723c751e8b465ee728b)  -> (artifact id: 'af103a81f6830fb7e9ffabdcba2da71a') in 0.017023 seconds 
  Import took 0.022073 seconds .

========================================================================
Received Import Request.
  Time since last request: 15.318171 seconds.
  path: Assets/TestVFX.vfx
  artifactKey: Guid(39c094ecc4bc20c42821cd8cba755480) Importer(815301076,1909f56bfc062723c751e8b465ee728b)
Start importing Assets/TestVFX.vfx using Guid(39c094ecc4bc20c42821cd8cba755480) Importer(815301076,1909f56bfc062723c751e8b465ee728b)  -> (artifact id: '7293a13525ce3304224ab3cc6d79457b') in 0.002849 seconds 
  Import took 0.007852 seconds .

========================================================================
Received Import Request.
  Time since last request: 8.405779 seconds.
  path: Assets/TestVFX.vfx
  artifactKey: Guid(39c094ecc4bc20c42821cd8cba755480) Importer(815301076,1909f56bfc062723c751e8b465ee728b)
Start importing Assets/TestVFX.vfx using Guid(39c094ecc4bc20c42821cd8cba755480) Importer(815301076,1909f56bfc062723c751e8b465ee728b)  -> (artifact id: '5831949897de83051734c381b3df871a') in 0.003019 seconds 
  Import took 0.009601 seconds .

========================================================================
Received Import Request.
  Time since last request: 21.266532 seconds.
  path: Assets/TestVFX.vfx
  artifactKey: Guid(39c094ecc4bc20c42821cd8cba755480) Importer(815301076,1909f56bfc062723c751e8b465ee728b)
Start importing Assets/TestVFX.vfx using Guid(39c094ecc4bc20c42821cd8cba755480) Importer(815301076,1909f56bfc062723c751e8b465ee728b)  -> (artifact id: '9493417fab418a189aa2ab35697ad0cd') in 0.002952 seconds 
  Import took 0.008170 seconds .

========================================================================
Received Import Request.
  Time since last request: 3.272055 seconds.
  path: Assets/TestVFX.vfx
  artifactKey: Guid(39c094ecc4bc20c42821cd8cba755480) Importer(815301076,1909f56bfc062723c751e8b465ee728b)
Start importing Assets/TestVFX.vfx using Guid(39c094ecc4bc20c42821cd8cba755480) Importer(815301076,1909f56bfc062723c751e8b465ee728b)  -> (artifact id: '9540298a2b75d6b06a103b354e16b9dd') in 0.002738 seconds 
  Import took 0.008155 seconds .

========================================================================
Received Import Request.
  Time since last request: 1.398705 seconds.
  path: Assets/TestVFX.vfx
  artifactKey: Guid(39c094ecc4bc20c42821cd8cba755480) Importer(815301076,1909f56bfc062723c751e8b465ee728b)
Start importing Assets/TestVFX.vfx using Guid(39c094ecc4bc20c42821cd8cba755480) Importer(815301076,1909f56bfc062723c751e8b465ee728b)  -> (artifact id: '94e1772f29960584ff46525afb95bc6a') in 0.002952 seconds 
  Import took 0.008006 seconds .

========================================================================
Received Import Request.
  Time since last request: 2.034553 seconds.
  path: Assets/TestVFX.vfx
  artifactKey: Guid(39c094ecc4bc20c42821cd8cba755480) Importer(815301076,1909f56bfc062723c751e8b465ee728b)
Start importing Assets/TestVFX.vfx using Guid(39c094ecc4bc20c42821cd8cba755480) Importer(815301076,1909f56bfc062723c751e8b465ee728b)  -> (artifact id: '1b7712fa7a5abf7742d5b2cd0570ac4d') in 0.002466 seconds 
  Import took 0.007722 seconds .

========================================================================
Received Prepare
Registering precompiled user dll's ...
Registered in 0.004084 seconds.
Begin MonoManager ReloadAssembly
Native extension for WindowsStandalone target not found
Native extension for WebGL target not found
Refreshing native plugins compatible for Editor in 0.59 ms, found 3 plugins.
Preloading 0 native plugins for Editor in 0.00 ms.
Mono: successfully reloaded assembly
- Completed reload, in  1.038 seconds
Domain Reload Profiling:
	ReloadAssembly (1038ms)
		BeginReloadAssembly (97ms)
			ExecutionOrderSort (0ms)
			DisableScriptedObjects (4ms)
			BackupInstance (0ms)
			ReleaseScriptingObjects (0ms)
			CreateAndSetChildDomain (32ms)
		EndReloadAssembly (887ms)
			LoadAssemblies (89ms)
			RebuildTransferFunctionScriptingTraits (0ms)
			SetupTypeCache (289ms)
			ReleaseScriptCaches (1ms)
			RebuildScriptCaches (55ms)
			SetupLoadedEditorAssemblies (364ms)
				LogAssemblyErrors (0ms)
				InitializePlatformSupportModulesInManaged (4ms)
				SetLoadedEditorAssemblies (0ms)
				RefreshPlugins (1ms)
				BeforeProcessingInitializeOnLoad (75ms)
				ProcessInitializeOnLoadAttributes (271ms)
				ProcessInitializeOnLoadMethodAttributes (8ms)
				AfterProcessingInitializeOnLoad (5ms)
				EditorAssembliesLoaded (0ms)
			ExecutionOrderSort2 (0ms)
			AwakeInstancesAfterBackupRestoration (8ms)
Platform modules already initialized, skipping
Refreshing native plugins compatible for Editor in 0.60 ms, found 3 plugins.
Preloading 0 native plugins for Editor in 0.00 ms.
Unloading 3389 Unused Serialized files (Serialized files now loaded: 0)
System memory in use before: 144.3 MB.
System memory in use after: 144.5 MB.

Unloading 23 unused Assets to reduce memory usage. Loaded Objects now: 3949.
Total: 3.123700 ms (FindLiveObjects: 0.244700 ms CreateObjectMapping: 0.146500 ms MarkObjects: 2.692500 ms  DeleteObjects: 0.039200 ms)

AssetImportParameters requested are different than current active one (requested -> active):
  custom:framework-win-MediaFoundation: 216162199b28c13a410421893ffa2e32 -> 
  custom:video-decoder-ogg-theora: a1e56fd34408186e4bbccfd4996cb3dc -> 
  custom:container-muxer-webm: aa71ff27fc2769a1b78a27578f13a17b -> 
  custom:container-demuxer-webm: 4f35f7cbe854078d1ac9338744f61a02 -> 
  custom:container-demuxer-ogg: 62fdf1f143b41e24485cea50d1cbac27 -> 
  custom:video-encoder-webm-vp8: eb34c28f22e8b96e1ab97ce403110664 -> 
  custom:video-decoder-webm-vp8: 9c59270c3fd7afecdb556c50c9e8de78 -> 
  custom:audio-decoder-ogg-vorbis: bf7c407c2cedff20999df2af8eb42d56 -> 
  custom:audio-encoder-webm-vorbis: bf7c407c2cedff20999df2af8eb42d56 -> 
========================================================================
Received Import Request.
  Time since last request: 113.635278 seconds.
  path: Assets/TestVFX.vfx
  artifactKey: Guid(39c094ecc4bc20c42821cd8cba755480) Importer(815301076,1909f56bfc062723c751e8b465ee728b)
Start importing Assets/TestVFX.vfx using Guid(39c094ecc4bc20c42821cd8cba755480) Importer(815301076,1909f56bfc062723c751e8b465ee728b)  -> (artifact id: '5d4943bc05777e16a9f15529b8312577') in 0.014978 seconds 
  Import took 0.019358 seconds .

========================================================================
Received Import Request.
  Time since last request: 104.547021 seconds.
  path: Assets/TestVFX.vfx
  artifactKey: Guid(39c094ecc4bc20c42821cd8cba755480) Importer(815301076,1909f56bfc062723c751e8b465ee728b)
Start importing Assets/TestVFX.vfx using Guid(39c094ecc4bc20c42821cd8cba755480) Importer(815301076,1909f56bfc062723c751e8b465ee728b)  -> (artifact id: '3bbdc582d795608770619ae222f8da2d') in 0.003277 seconds 
  Import took 0.007717 seconds .

========================================================================
Received Prepare
Registering precompiled user dll's ...
Registered in 0.004766 seconds.
Begin MonoManager ReloadAssembly
Native extension for WindowsStandalone target not found
Native extension for WebGL target not found
Refreshing native plugins compatible for Editor in 0.68 ms, found 3 plugins.
Preloading 0 native plugins for Editor in 0.00 ms.
Mono: successfully reloaded assembly
- Completed reload, in  1.067 seconds
Domain Reload Profiling:
	ReloadAssembly (1067ms)
		BeginReloadAssembly (92ms)
			ExecutionOrderSort (0ms)
			DisableScriptedObjects (4ms)
			BackupInstance (0ms)
			ReleaseScriptingObjects (0ms)
			CreateAndSetChildDomain (30ms)
		EndReloadAssembly (929ms)
			LoadAssemblies (83ms)
			RebuildTransferFunctionScriptingTraits (0ms)
			SetupTypeCache (285ms)
			ReleaseScriptCaches (2ms)
			RebuildScriptCaches (68ms)
			SetupLoadedEditorAssemblies (386ms)
				LogAssemblyErrors (0ms)
				InitializePlatformSupportModulesInManaged (4ms)
				SetLoadedEditorAssemblies (1ms)
				RefreshPlugins (1ms)
				BeforeProcessingInitializeOnLoad (82ms)
				ProcessInitializeOnLoadAttributes (284ms)
				ProcessInitializeOnLoadMethodAttributes (8ms)
				AfterProcessingInitializeOnLoad (5ms)
				EditorAssembliesLoaded (0ms)
			ExecutionOrderSort2 (0ms)
			AwakeInstancesAfterBackupRestoration (9ms)
Platform modules already initialized, skipping
Refreshing native plugins compatible for Editor in 0.72 ms, found 3 plugins.
Preloading 0 native plugins for Editor in 0.00 ms.
Unloading 3389 Unused Serialized files (Serialized files now loaded: 0)
System memory in use before: 144.3 MB.
System memory in use after: 144.5 MB.

Unloading 23 unused Assets to reduce memory usage. Loaded Objects now: 3951.
Total: 3.196800 ms (FindLiveObjects: 0.258000 ms CreateObjectMapping: 0.193400 ms MarkObjects: 2.716700 ms  DeleteObjects: 0.027700 ms)

AssetImportParameters requested are different than current active one (requested -> active):
  custom:framework-win-MediaFoundation: 216162199b28c13a410421893ffa2e32 -> 
  custom:video-decoder-ogg-theora: a1e56fd34408186e4bbccfd4996cb3dc -> 
  custom:container-muxer-webm: aa71ff27fc2769a1b78a27578f13a17b -> 
  custom:container-demuxer-webm: 4f35f7cbe854078d1ac9338744f61a02 -> 
  custom:container-demuxer-ogg: 62fdf1f143b41e24485cea50d1cbac27 -> 
  custom:video-encoder-webm-vp8: eb34c28f22e8b96e1ab97ce403110664 -> 
  custom:video-decoder-webm-vp8: 9c59270c3fd7afecdb556c50c9e8de78 -> 
  custom:audio-decoder-ogg-vorbis: bf7c407c2cedff20999df2af8eb42d56 -> 
  custom:audio-encoder-webm-vorbis: bf7c407c2cedff20999df2af8eb42d56 -> 
AssetImportWorkerClient::OnTransportError - code=2 error=End of file
